2024-11-02 13:32:30 [background-preinit] INFO  o.h.validator.internal.util.Version - HV000001: Hibernate Validator 8.0.1.Final
2024-11-02 13:32:30 [main] INFO  com.south.BookServiceApplication - Starting BookServiceApplication using Java 17.0.8 with PID 28412 (C:\Users\spenc\Desktop\ProjectMicro\Book-Service\target\classes started by spenc in C:\Users\spenc\Desktop\ProjectMicro\Book-Service)
2024-11-02 13:32:30 [main] DEBUG com.south.BookServiceApplication - Running with Spring Boot v3.3.4, Spring v6.1.13
2024-11-02 13:32:30 [main] INFO  com.south.BookServiceApplication - No active profile set, falling back to 1 default profile: "default"
2024-11-02 13:32:32 [main] WARN  o.s.c.s.PostProcessorRegistrationDelegate$BeanPostProcessorChecker - Bean 'org.springframework.cloud.client.loadbalancer.LoadBalancerAutoConfiguration$DeferringLoadBalancerInterceptorConfig' of type [org.springframework.cloud.client.loadbalancer.LoadBalancerAutoConfiguration$DeferringLoadBalancerInterceptorConfig] is not eligible for getting processed by all BeanPostProcessors (for example: not eligible for auto-proxying). The currently created BeanPostProcessor [lbRestClientPostProcessor] is declared through a non-static factory method on that class; consider declaring it as static instead.
2024-11-02 13:32:32 [main] WARN  o.s.c.s.PostProcessorRegistrationDelegate$BeanPostProcessorChecker - Bean 'deferringLoadBalancerInterceptor' of type [org.springframework.cloud.client.loadbalancer.DeferringLoadBalancerInterceptor] is not eligible for getting processed by all BeanPostProcessors (for example: not eligible for auto-proxying). Is this bean getting eagerly injected into a currently created BeanPostProcessor [lbRestClientPostProcessor]? Check the corresponding BeanPostProcessor declaration and its dependencies.
2024-11-02 13:32:33 [main] INFO  o.a.coyote.http11.Http11NioProtocol - Initializing ProtocolHandler ["http-nio-8081"]
2024-11-02 13:32:33 [main] INFO  o.a.catalina.core.StandardService - Starting service [Tomcat]
2024-11-02 13:32:33 [main] INFO  o.a.catalina.core.StandardEngine - Starting Servlet engine: [Apache Tomcat/10.1.30]
2024-11-02 13:32:33 [main] INFO  o.a.c.c.C.[Tomcat].[localhost].[/] - Initializing Spring embedded WebApplicationContext
2024-11-02 13:32:33 [main] INFO  o.h.jpa.internal.util.LogHelper - HHH000204: Processing PersistenceUnitInfo [name: default]
2024-11-02 13:32:33 [main] INFO  org.hibernate.Version - HHH000412: Hibernate ORM core version 6.5.3.Final
2024-11-02 13:32:33 [main] INFO  o.h.c.i.RegionFactoryInitiator - HHH000026: Second-level cache disabled
2024-11-02 13:32:34 [main] INFO  com.zaxxer.hikari.HikariDataSource - HikariPool-1 - Starting...
2024-11-02 13:32:34 [main] INFO  com.zaxxer.hikari.pool.HikariPool - HikariPool-1 - Added connection org.postgresql.jdbc.PgConnection@703e5614
2024-11-02 13:32:34 [main] INFO  com.zaxxer.hikari.HikariDataSource - HikariPool-1 - Start completed.
2024-11-02 13:32:34 [main] WARN  org.hibernate.orm.deprecation - HHH90000025: PostgreSQLDialect does not need to be specified explicitly using 'hibernate.dialect' (remove the property setting and it will be selected by default)
2024-11-02 13:32:35 [main] INFO  o.h.e.t.j.p.i.JtaPlatformInitiator - HHH000489: No JTA platform available (set 'hibernate.transaction.jta.platform' to enable JTA platform integration)
2024-11-02 13:32:36 [main] WARN  o.s.b.a.o.j.JpaBaseConfiguration$JpaWebConfiguration - spring.jpa.open-in-view is enabled by default. Therefore, database queries may be performed during view rendering. Explicitly configure spring.jpa.open-in-view to disable this warning
2024-11-02 13:32:40 [main] WARN  o.s.c.l.c.LoadBalancerCacheAutoConfiguration$LoadBalancerCaffeineWarnLogger - Spring Cloud LoadBalancer is currently working with the default cache. While this cache implementation is useful for development and tests, it's recommended to use Caffeine cache in production.You can switch to using Caffeine cache, by adding it and org.springframework.cache.caffeine.CaffeineCacheManager to the classpath.
2024-11-02 13:32:40 [main] INFO  c.netflix.discovery.DiscoveryClient - Initializing Eureka in region us-east-1
2024-11-02 13:32:40 [main] INFO  c.n.d.s.r.aws.ConfigClusterResolver - Resolving eureka endpoints via configuration
2024-11-02 13:32:40 [main] INFO  c.netflix.discovery.DiscoveryClient - Disable delta property : false
2024-11-02 13:32:40 [main] INFO  c.netflix.discovery.DiscoveryClient - Single vip registry refresh property : null
2024-11-02 13:32:40 [main] INFO  c.netflix.discovery.DiscoveryClient - Force full registry fetch : false
2024-11-02 13:32:40 [main] INFO  c.netflix.discovery.DiscoveryClient - Application is null : false
2024-11-02 13:32:40 [main] INFO  c.netflix.discovery.DiscoveryClient - Registered Applications size is zero : true
2024-11-02 13:32:40 [main] INFO  c.netflix.discovery.DiscoveryClient - Application version is -1: true
2024-11-02 13:32:40 [main] INFO  c.netflix.discovery.DiscoveryClient - Getting all instance registry info from the eureka server
2024-11-02 13:32:40 [main] INFO  c.netflix.discovery.DiscoveryClient - The response status is 200
2024-11-02 13:32:40 [main] INFO  c.netflix.discovery.DiscoveryClient - Starting heartbeat executor: renew interval is: 30
2024-11-02 13:32:40 [main] INFO  c.n.discovery.InstanceInfoReplicator - InstanceInfoReplicator onDemand update allowed rate per min is 4
2024-11-02 13:32:40 [main] INFO  c.netflix.discovery.DiscoveryClient - Discovery Client initialized at timestamp 1730572360666 with initial instances count: 2
2024-11-02 13:32:40 [main] INFO  c.netflix.discovery.DiscoveryClient - Saw local status change event StatusChangeEvent [timestamp=1730572360672, current=UP, previous=STARTING]
2024-11-02 13:32:40 [DiscoveryClient-InstanceInfoReplicator-%d] INFO  c.netflix.discovery.DiscoveryClient - DiscoveryClient_BOOK-SERVICE/localhost:book-service:8081: registering service...
2024-11-02 13:32:40 [main] INFO  o.a.coyote.http11.Http11NioProtocol - Starting ProtocolHandler ["http-nio-8081"]
2024-11-02 13:32:40 [DiscoveryClient-InstanceInfoReplicator-%d] INFO  c.netflix.discovery.DiscoveryClient - DiscoveryClient_BOOK-SERVICE/localhost:book-service:8081 - registration status: 204
2024-11-02 13:32:41 [main] INFO  com.south.BookServiceApplication - Started BookServiceApplication in 13.164 seconds (process running for 13.77)
2024-11-02 13:35:43 [http-nio-8081-exec-1] INFO  o.a.c.c.C.[Tomcat].[localhost].[/] - Initializing Spring DispatcherServlet 'dispatcherServlet'
2024-11-02 13:37:40 [AsyncResolver-bootstrap-executor-%d] INFO  c.n.d.s.r.aws.ConfigClusterResolver - Resolving eureka endpoints via configuration
2024-11-02 13:42:40 [AsyncResolver-bootstrap-executor-%d] INFO  c.n.d.s.r.aws.ConfigClusterResolver - Resolving eureka endpoints via configuration
2024-11-02 13:45:19 [SpringApplicationShutdownHook] INFO  c.netflix.discovery.DiscoveryClient - Saw local status change event StatusChangeEvent [timestamp=1730573119766, current=DOWN, previous=UP]
2024-11-02 13:45:19 [DiscoveryClient-InstanceInfoReplicator-%d] INFO  c.netflix.discovery.DiscoveryClient - DiscoveryClient_BOOK-SERVICE/localhost:book-service:8081: registering service...
2024-11-02 13:45:19 [DiscoveryClient-InstanceInfoReplicator-%d] INFO  c.netflix.discovery.DiscoveryClient - DiscoveryClient_BOOK-SERVICE/localhost:book-service:8081 - registration status: 204
2024-11-02 13:45:19 [SpringApplicationShutdownHook] INFO  com.zaxxer.hikari.HikariDataSource - HikariPool-1 - Shutdown initiated...
2024-11-02 13:45:19 [SpringApplicationShutdownHook] INFO  com.zaxxer.hikari.HikariDataSource - HikariPool-1 - Shutdown completed.
2024-11-02 13:45:19 [SpringApplicationShutdownHook] INFO  c.netflix.discovery.DiscoveryClient - Shutting down DiscoveryClient ...
2024-11-02 13:45:22 [SpringApplicationShutdownHook] INFO  c.netflix.discovery.DiscoveryClient - Unregistering ...
2024-11-02 13:45:23 [SpringApplicationShutdownHook] INFO  c.netflix.discovery.DiscoveryClient - DiscoveryClient_BOOK-SERVICE/localhost:book-service:8081 - deregister  status: 200
2024-11-02 13:45:23 [SpringApplicationShutdownHook] INFO  c.netflix.discovery.DiscoveryClient - Completed shut down of DiscoveryClient
